<?xml version="1.0" encoding="UTF-8" ?>
<testsuite tests="5" failures="0" name="TestSuite" time="4.1" errors="0" skipped="0">
  <properties>
[...]
</properties>
  <testcase classname="com.toutiao.cases.LoginTest" name="loginTrue" time="0.808"/>
  <testcase classname="com.toutiao.cases.GcListTest" name="gcList" time="0.391"/>
  <testcase classname="com.toutiao.cases.ExpListTest" name="expList" time="0.194"/>
  <testcase classname="com.toutiao.cases.BbsLookTest" name="bbsLook" time="0.937"/>
  <testcase classname="com.toutiao.cases.ReplyTest" name="replyTest" time="0.906"/>
</testsuite>