-------------------------------------------------------------------------------
Test set: TestSuite
-------------------------------------------------------------------------------
Tests run: 28, Failures: 1, Errors: 0, Skipped: 0, Time elapsed: 19.561 s <<< FAILURE! - in TestSuite
getLike(com.toutiao.cases.luntancase.LikeTest)  Time elapsed: 0.491 s  <<< FAILURE!
java.lang.AssertionError: expected [true] but found [false]
	at com.toutiao.cases.luntancase.LikeTest.getLike(LikeTest.java:33)

