<?xml version="1.0" encoding="UTF-8"?>
<testsuite xmlns:xsi="http://www.w3.org/2001/XMLSchema-instance" xsi:noNamespaceSchemaLocation="https://maven.apache.org/surefire/maven-surefire-plugin/xsd/surefire-test-report.xsd" name="TestSuite" time="20.523" tests="28" errors="0" skipped="0" failures="1">
  <properties>
[...]
</properties>
  <testcase name="loginTrue" classname="com.toutiao.cases.toutiaocase.LoginTest" time="1.537"/>
  <testcase name="loginFalse" classname="com.toutiao.cases.toutiaocase.LoginTest" time="0.558"/>
  <testcase name="gcList" classname="com.toutiao.cases.luntancase.GcListTest" time="0.898"/>
  <testcase name="expList" classname="com.toutiao.cases.luntancase.ExpListTest" time="0.8"/>
  <testcase name="bbsLook" classname="com.toutiao.cases.luntancase.BbsLookTest" time="1.228"/>
  <testcase name="replyTest" classname="com.toutiao.cases.luntancase.ReplyTest" time="1.249"/>
  <testcase name="getSearch" classname="com.toutiao.cases.luntancase.SearchTest" time="0.543"/>
  <testcase name="getLike" classname="com.toutiao.cases.luntancase.LikeTest" time="0.561">
    <failure message="expected [true] but found [false]" type="java.lang.AssertionError">java.lang.AssertionError: expected [true] but found [false]
	at com.toutiao.cases.luntancase.LikeTest.getLike(LikeTest.java:33)
</failure>
    <system-out><![CDATA[16:16:56.747 [main] DEBUG org.apache.ibatis.io.DefaultVFS - Find JAR URL: file:/C:/Users/ASUS/IdeaProjects/daineTest/autotest/target/classes/com/toutiao/model
16:16:56.747 [main] DEBUG org.apache.ibatis.io.DefaultVFS - Not a JAR: file:/C:/Users/ASUS/IdeaProjects/daineTest/autotest/target/classes/com/toutiao/model
16:16:56.748 [main] DEBUG org.apache.ibatis.io.DefaultVFS - Reader entry: InterfaneName.class
16:16:56.749 [main] DEBUG org.apache.ibatis.io.DefaultVFS - Reader entry: luntanmd
16:16:56.749 [main] DEBUG org.apache.ibatis.io.DefaultVFS - Reader entry: toutiaomd
16:16:56.749 [main] DEBUG org.apache.ibatis.io.DefaultVFS - Listing file:/C:/Users/ASUS/IdeaProjects/daineTest/autotest/target/classes/com/toutiao/model
16:16:56.749 [main] DEBUG org.apache.ibatis.io.DefaultVFS - Find JAR URL: file:/C:/Users/ASUS/IdeaProjects/daineTest/autotest/target/classes/com/toutiao/model/InterfaneName.class
16:16:56.749 [main] DEBUG org.apache.ibatis.io.DefaultVFS - Not a JAR: file:/C:/Users/ASUS/IdeaProjects/daineTest/autotest/target/classes/com/toutiao/model/InterfaneName.class
16:16:56.750 [main] DEBUG org.apache.ibatis.io.DefaultVFS - Reader entry: ????&amp#0;&amp#0;&amp#0;4&amp#0;?	&amp#0;&amp#4;&amp#0;o
16:16:56.750 [main] DEBUG org.apache.ibatis.io.DefaultVFS - Find JAR URL: file:/C:/Users/ASUS/IdeaProjects/daineTest/autotest/target/classes/com/toutiao/model/luntanmd
16:16:56.750 [main] DEBUG org.apache.ibatis.io.DefaultVFS - Not a JAR: file:/C:/Users/ASUS/IdeaProjects/daineTest/autotest/target/classes/com/toutiao/model/luntanmd
16:16:56.751 [main] DEBUG org.apache.ibatis.io.DefaultVFS - Reader entry: BbsLookCase.class
16:16:56.752 [main] DEBUG org.apache.ibatis.io.DefaultVFS - Reader entry: ExpertHomeCase.class
16:16:56.752 [main] DEBUG org.apache.ibatis.io.DefaultVFS - Reader entry: ExpListCase.class
16:16:56.752 [main] DEBUG org.apache.ibatis.io.DefaultVFS - Reader entry: FavoriCase.class
16:16:56.753 [main] DEBUG org.apache.ibatis.io.DefaultVFS - Reader entry: GcListCase.class
16:16:56.753 [main] DEBUG org.apache.ibatis.io.DefaultVFS - Reader entry: GetPreCase.class
16:16:56.753 [main] DEBUG org.apache.ibatis.io.DefaultVFS - Reader entry: GetPubCase.class
16:16:56.754 [main] DEBUG org.apache.ibatis.io.DefaultVFS - Reader entry: LikeCase.class
16:16:56.754 [main] DEBUG org.apache.ibatis.io.DefaultVFS - Reader entry: MyFavorCase.class
16:16:56.754 [main] DEBUG org.apache.ibatis.io.DefaultVFS - Reader entry: MyItemCase.class
16:16:56.755 [main] DEBUG org.apache.ibatis.io.DefaultVFS - Reader entry: ReplyCase.class
16:16:56.755 [main] DEBUG org.apache.ibatis.io.DefaultVFS - Reader entry: SearchCase.class
16:16:56.756 [main] DEBUG org.apache.ibatis.io.DefaultVFS - Reader entry: UserCenterCase.class
16:16:56.756 [main] DEBUG org.apache.ibatis.io.DefaultVFS - Listing file:/C:/Users/ASUS/IdeaProjects/daineTest/autotest/target/classes/com/toutiao/model/luntanmd
16:16:56.756 [main] DEBUG org.apache.ibatis.io.DefaultVFS - Find JAR URL: file:/C:/Users/ASUS/IdeaProjects/daineTest/autotest/target/classes/com/toutiao/model/luntanmd/BbsLookCase.class
16:16:56.756 [main] DEBUG org.apache.ibatis.io.DefaultVFS - Not a JAR: file:/C:/Users/ASUS/IdeaProjects/daineTest/autotest/target/classes/com/toutiao/model/luntanmd/BbsLookCase.class
16:16:56.757 [main] DEBUG org.apache.ibatis.io.DefaultVFS - Reader entry: ????&amp#0;&amp#0;&amp#0;4&amp#0;L
16:16:56.757 [main] DEBUG org.apache.ibatis.io.DefaultVFS - Find JAR URL: file:/C:/Users/ASUS/IdeaProjects/daineTest/autotest/target/classes/com/toutiao/model/luntanmd/ExpertHomeCase.class
16:16:56.757 [main] DEBUG org.apache.ibatis.io.DefaultVFS - Not a JAR: file:/C:/Users/ASUS/IdeaProjects/daineTest/autotest/target/classes/com/toutiao/model/luntanmd/ExpertHomeCase.class
16:16:56.758 [main] DEBUG org.apache.ibatis.io.DefaultVFS - Reader entry: ????&amp#0;&amp#0;&amp#0;4&amp#0;X
16:16:56.758 [main] DEBUG org.apache.ibatis.io.DefaultVFS - Find JAR URL: file:/C:/Users/ASUS/IdeaProjects/daineTest/autotest/target/classes/com/toutiao/model/luntanmd/ExpListCase.class
16:16:56.758 [main] DEBUG org.apache.ibatis.io.DefaultVFS - Not a JAR: file:/C:/Users/ASUS/IdeaProjects/daineTest/autotest/target/classes/com/toutiao/model/luntanmd/ExpListCase.class
16:16:56.759 [main] DEBUG org.apache.ibatis.io.DefaultVFS - Reader entry: ????&amp#0;&amp#0;&amp#0;4&amp#0;d
16:16:56.759 [main] DEBUG org.apache.ibatis.io.DefaultVFS - Find JAR URL: file:/C:/Users/ASUS/IdeaProjects/daineTest/autotest/target/classes/com/toutiao/model/luntanmd/FavoriCase.class
16:16:56.759 [main] DEBUG org.apache.ibatis.io.DefaultVFS - Not a JAR: file:/C:/Users/ASUS/IdeaProjects/daineTest/autotest/target/classes/com/toutiao/model/luntanmd/FavoriCase.class
16:16:56.759 [main] DEBUG org.apache.ibatis.io.DefaultVFS - Reader entry: ????&amp#0;&amp#0;&amp#0;4&amp#0;X
16:16:56.760 [main] DEBUG org.apache.ibatis.io.DefaultVFS - Find JAR URL: file:/C:/Users/ASUS/IdeaProjects/daineTest/autotest/target/classes/com/toutiao/model/luntanmd/GcListCase.class
16:16:56.760 [main] DEBUG org.apache.ibatis.io.DefaultVFS - Not a JAR: file:/C:/Users/ASUS/IdeaProjects/daineTest/autotest/target/classes/com/toutiao/model/luntanmd/GcListCase.class
16:16:56.760 [main] DEBUG org.apache.ibatis.io.DefaultVFS - Reader entry: ????&amp#0;&amp#0;&amp#0;4&amp#0;L
16:16:56.761 [main] DEBUG org.apache.ibatis.io.DefaultVFS - Find JAR URL: file:/C:/Users/ASUS/IdeaProjects/daineTest/autotest/target/classes/com/toutiao/model/luntanmd/GetPreCase.class
16:16:56.761 [main] DEBUG org.apache.ibatis.io.DefaultVFS - Not a JAR: file:/C:/Users/ASUS/IdeaProjects/daineTest/autotest/target/classes/com/toutiao/model/luntanmd/GetPreCase.class
16:16:56.761 [main] DEBUG org.apache.ibatis.io.DefaultVFS - Reader entry: ????&amp#0;&amp#0;&amp#0;4&amp#0;%
16:16:56.762 [main] DEBUG org.apache.ibatis.io.DefaultVFS - Find JAR URL: file:/C:/Users/ASUS/IdeaProjects/daineTest/autotest/target/classes/com/toutiao/model/luntanmd/GetPubCase.class
16:16:56.762 [main] DEBUG org.apache.ibatis.io.DefaultVFS - Not a JAR: file:/C:/Users/ASUS/IdeaProjects/daineTest/autotest/target/classes/com/toutiao/model/luntanmd/GetPubCase.class
16:16:56.762 [main] DEBUG org.apache.ibatis.io.DefaultVFS - Reader entry: ????&amp#0;&amp#0;&amp#0;4&amp#0;%
16:16:56.763 [main] DEBUG org.apache.ibatis.io.DefaultVFS - Find JAR URL: file:/C:/Users/ASUS/IdeaProjects/daineTest/autotest/target/classes/com/toutiao/model/luntanmd/LikeCase.class
16:16:56.763 [main] DEBUG org.apache.ibatis.io.DefaultVFS - Not a JAR: file:/C:/Users/ASUS/IdeaProjects/daineTest/autotest/target/classes/com/toutiao/model/luntanmd/LikeCase.class
16:16:56.763 [main] DEBUG org.apache.ibatis.io.DefaultVFS - Reader entry: ????&amp#0;&amp#0;&amp#0;4&amp#0;X
16:16:56.764 [main] DEBUG org.apache.ibatis.io.DefaultVFS - Find JAR URL: file:/C:/Users/ASUS/IdeaProjects/daineTest/autotest/target/classes/com/toutiao/model/luntanmd/MyFavorCase.class
16:16:56.764 [main] DEBUG org.apache.ibatis.io.DefaultVFS - Not a JAR: file:/C:/Users/ASUS/IdeaProjects/daineTest/autotest/target/classes/com/toutiao/model/luntanmd/MyFavorCase.class
16:16:56.765 [main] DEBUG org.apache.ibatis.io.DefaultVFS - Reader entry: ????&amp#0;&amp#0;&amp#0;4&amp#0;*
16:16:56.765 [main] DEBUG org.apache.ibatis.io.DefaultVFS - Find JAR URL: file:/C:/Users/ASUS/IdeaProjects/daineTest/autotest/target/classes/com/toutiao/model/luntanmd/MyItemCase.class
16:16:56.765 [main] DEBUG org.apache.ibatis.io.DefaultVFS - Not a JAR: file:/C:/Users/ASUS/IdeaProjects/daineTest/autotest/target/classes/com/toutiao/model/luntanmd/MyItemCase.class
16:16:56.765 [main] DEBUG org.apache.ibatis.io.DefaultVFS - Reader entry: ????&amp#0;&amp#0;&amp#0;4&amp#0;,
16:16:56.766 [main] DEBUG org.apache.ibatis.io.DefaultVFS - Find JAR URL: file:/C:/Users/ASUS/IdeaProjects/daineTest/autotest/target/classes/com/toutiao/model/luntanmd/ReplyCase.class
16:16:56.766 [main] DEBUG org.apache.ibatis.io.DefaultVFS - Not a JAR: file:/C:/Users/ASUS/IdeaProjects/daineTest/autotest/target/classes/com/toutiao/model/luntanmd/ReplyCase.class
16:16:56.766 [main] DEBUG org.apache.ibatis.io.DefaultVFS - Reader entry: ????&amp#0;&amp#0;&amp#0;4&amp#0;d
16:16:56.767 [main] DEBUG org.apache.ibatis.io.DefaultVFS - Find JAR URL: file:/C:/Users/ASUS/IdeaProjects/daineTest/autotest/target/classes/com/toutiao/model/luntanmd/SearchCase.class
16:16:56.767 [main] DEBUG org.apache.ibatis.io.DefaultVFS - Not a JAR: file:/C:/Users/ASUS/IdeaProjects/daineTest/autotest/target/classes/com/toutiao/model/luntanmd/SearchCase.class
16:16:56.767 [main] DEBUG org.apache.ibatis.io.DefaultVFS - Reader entry: ????&amp#0;&amp#0;&amp#0;4&amp#0;L
16:16:56.767 [main] DEBUG org.apache.ibatis.io.DefaultVFS - Find JAR URL: file:/C:/Users/ASUS/IdeaProjects/daineTest/autotest/target/classes/com/toutiao/model/luntanmd/UserCenterCase.class
16:16:56.768 [main] DEBUG org.apache.ibatis.io.DefaultVFS - Not a JAR: file:/C:/Users/ASUS/IdeaProjects/daineTest/autotest/target/classes/com/toutiao/model/luntanmd/UserCenterCase.class
16:16:56.768 [main] DEBUG org.apache.ibatis.io.DefaultVFS - Reader entry: ????&amp#0;&amp#0;&amp#0;4&amp#0;%
16:16:56.768 [main] DEBUG org.apache.ibatis.io.DefaultVFS - Find JAR URL: file:/C:/Users/ASUS/IdeaProjects/daineTest/autotest/target/classes/com/toutiao/model/toutiaomd
16:16:56.768 [main] DEBUG org.apache.ibatis.io.DefaultVFS - Not a JAR: file:/C:/Users/ASUS/IdeaProjects/daineTest/autotest/target/classes/com/toutiao/model/toutiaomd
16:16:56.769 [main] DEBUG org.apache.ibatis.io.DefaultVFS - Reader entry: GsListCase.class
16:16:56.769 [main] DEBUG org.apache.ibatis.io.DefaultVFS - Reader entry: LoginCase.class
16:16:56.770 [main] DEBUG org.apache.ibatis.io.DefaultVFS - Reader entry: ShareCase.class
16:16:56.770 [main] DEBUG org.apache.ibatis.io.DefaultVFS - Reader entry: TjCase.class
16:16:56.770 [main] DEBUG org.apache.ibatis.io.DefaultVFS - Listing file:/C:/Users/ASUS/IdeaProjects/daineTest/autotest/target/classes/com/toutiao/model/toutiaomd
16:16:56.771 [main] DEBUG org.apache.ibatis.io.DefaultVFS - Find JAR URL: file:/C:/Users/ASUS/IdeaProjects/daineTest/autotest/target/classes/com/toutiao/model/toutiaomd/GsListCase.class
16:16:56.771 [main] DEBUG org.apache.ibatis.io.DefaultVFS - Not a JAR: file:/C:/Users/ASUS/IdeaProjects/daineTest/autotest/target/classes/com/toutiao/model/toutiaomd/GsListCase.class
16:16:56.771 [main] DEBUG org.apache.ibatis.io.DefaultVFS - Reader entry: ????&amp#0;&amp#0;&amp#0;4&amp#0;|
16:16:56.772 [main] DEBUG org.apache.ibatis.io.DefaultVFS - Find JAR URL: file:/C:/Users/ASUS/IdeaProjects/daineTest/autotest/target/classes/com/toutiao/model/toutiaomd/LoginCase.class
16:16:56.772 [main] DEBUG org.apache.ibatis.io.DefaultVFS - Not a JAR: file:/C:/Users/ASUS/IdeaProjects/daineTest/autotest/target/classes/com/toutiao/model/toutiaomd/LoginCase.class
16:16:56.772 [main] DEBUG org.apache.ibatis.io.DefaultVFS - Reader entry: ????&amp#0;&amp#0;&amp#0;4&amp#0;|
16:16:56.772 [main] DEBUG org.apache.ibatis.io.DefaultVFS - Find JAR URL: file:/C:/Users/ASUS/IdeaProjects/daineTest/autotest/target/classes/com/toutiao/model/toutiaomd/ShareCase.class
16:16:56.773 [main] DEBUG org.apache.ibatis.io.DefaultVFS - Not a JAR: file:/C:/Users/ASUS/IdeaProjects/daineTest/autotest/target/classes/com/toutiao/model/toutiaomd/ShareCase.class
16:16:56.773 [main] DEBUG org.apache.ibatis.io.DefaultVFS - Reader entry: ????&amp#0;&amp#0;&amp#0;4&amp#0;/
16:16:56.773 [main] DEBUG org.apache.ibatis.io.DefaultVFS - Find JAR URL: file:/C:/Users/ASUS/IdeaProjects/daineTest/autotest/target/classes/com/toutiao/model/toutiaomd/TjCase.class
16:16:56.773 [main] DEBUG org.apache.ibatis.io.DefaultVFS - Not a JAR: file:/C:/Users/ASUS/IdeaProjects/daineTest/autotest/target/classes/com/toutiao/model/toutiaomd/TjCase.class
16:16:56.774 [main] DEBUG org.apache.ibatis.io.DefaultVFS - Reader entry: ????&amp#0;&amp#0;&amp#0;4&amp#0;d
16:16:56.774 [main] DEBUG org.apache.ibatis.io.ResolverUtil - Checking to see if class com.toutiao.model.InterfaneName matches criteria [is assignable to Object]
16:16:56.774 [main] DEBUG org.apache.ibatis.io.ResolverUtil - Checking to see if class com.toutiao.model.luntanmd.BbsLookCase matches criteria [is assignable to Object]
16:16:56.774 [main] DEBUG org.apache.ibatis.io.ResolverUtil - Checking to see if class com.toutiao.model.luntanmd.ExpertHomeCase matches criteria [is assignable to Object]
16:16:56.775 [main] DEBUG org.apache.ibatis.io.ResolverUtil - Checking to see if class com.toutiao.model.luntanmd.ExpListCase matches criteria [is assignable to Object]
16:16:56.775 [main] DEBUG org.apache.ibatis.io.ResolverUtil - Checking to see if class com.toutiao.model.luntanmd.FavoriCase matches criteria [is assignable to Object]
16:16:56.775 [main] DEBUG org.apache.ibatis.io.ResolverUtil - Checking to see if class com.toutiao.model.luntanmd.GcListCase matches criteria [is assignable to Object]
16:16:56.775 [main] DEBUG org.apache.ibatis.io.ResolverUtil - Checking to see if class com.toutiao.model.luntanmd.GetPreCase matches criteria [is assignable to Object]
16:16:56.775 [main] DEBUG org.apache.ibatis.io.ResolverUtil - Checking to see if class com.toutiao.model.luntanmd.GetPubCase matches criteria [is assignable to Object]
16:16:56.775 [main] DEBUG org.apache.ibatis.io.ResolverUtil - Checking to see if class com.toutiao.model.luntanmd.LikeCase matches criteria [is assignable to Object]
16:16:56.775 [main] DEBUG org.apache.ibatis.io.ResolverUtil - Checking to see if class com.toutiao.model.luntanmd.MyFavorCase matches criteria [is assignable to Object]
16:16:56.775 [main] DEBUG org.apache.ibatis.io.ResolverUtil - Checking to see if class com.toutiao.model.luntanmd.MyItemCase matches criteria [is assignable to Object]
16:16:56.776 [main] DEBUG org.apache.ibatis.io.ResolverUtil - Checking to see if class com.toutiao.model.luntanmd.ReplyCase matches criteria [is assignable to Object]
16:16:56.776 [main] DEBUG org.apache.ibatis.io.ResolverUtil - Checking to see if class com.toutiao.model.luntanmd.SearchCase matches criteria [is assignable to Object]
16:16:56.776 [main] DEBUG org.apache.ibatis.io.ResolverUtil - Checking to see if class com.toutiao.model.luntanmd.UserCenterCase matches criteria [is assignable to Object]
16:16:56.776 [main] DEBUG org.apache.ibatis.io.ResolverUtil - Checking to see if class com.toutiao.model.toutiaomd.GsListCase matches criteria [is assignable to Object]
16:16:56.776 [main] DEBUG org.apache.ibatis.io.ResolverUtil - Checking to see if class com.toutiao.model.toutiaomd.LoginCase matches criteria [is assignable to Object]
16:16:56.776 [main] DEBUG org.apache.ibatis.io.ResolverUtil - Checking to see if class com.toutiao.model.toutiaomd.ShareCase matches criteria [is assignable to Object]
16:16:56.776 [main] DEBUG org.apache.ibatis.io.ResolverUtil - Checking to see if class com.toutiao.model.toutiaomd.TjCase matches criteria [is assignable to Object]
16:16:56.783 [Finalizer] DEBUG org.apache.ibatis.datasource.pooled.PooledDataSource - PooledDataSource forcefully closed/removed all connections.
16:16:56.784 [Finalizer] DEBUG org.apache.ibatis.datasource.pooled.PooledDataSource - PooledDataSource forcefully closed/removed all connections.
16:16:56.785 [Finalizer] DEBUG org.apache.ibatis.datasource.pooled.PooledDataSource - PooledDataSource forcefully closed/removed all connections.
16:16:56.785 [Finalizer] DEBUG org.apache.ibatis.datasource.pooled.PooledDataSource - PooledDataSource forcefully closed/removed all connections.
16:16:56.789 [main] DEBUG org.apache.ibatis.datasource.pooled.PooledDataSource - PooledDataSource forcefully closed/removed all connections.
16:16:56.790 [main] DEBUG org.apache.ibatis.datasource.pooled.PooledDataSource - PooledDataSource forcefully closed/removed all connections.
16:16:56.790 [main] DEBUG org.apache.ibatis.datasource.pooled.PooledDataSource - PooledDataSource forcefully closed/removed all connections.
16:16:56.790 [main] DEBUG org.apache.ibatis.datasource.pooled.PooledDataSource - PooledDataSource forcefully closed/removed all connections.
16:16:56.830 [main] DEBUG org.apache.ibatis.transaction.jdbc.JdbcTransaction - Opening JDBC Connection
16:16:56.835 [main] DEBUG org.apache.ibatis.datasource.pooled.PooledDataSource - Created connection 1991290395.
16:16:56.835 [main] DEBUG org.apache.ibatis.transaction.jdbc.JdbcTransaction - Setting autocommit to false on JDBC Connection [com.mysql.jdbc.JDBC4Connection@76b0ae1b]
16:16:56.836 [main] DEBUG com.toutiao.model.likeCase - ==>  Preparing: select * from LikeCase where number_id=?; 
16:16:56.836 [main] DEBUG com.toutiao.model.likeCase - ==> Parameters: 1(Integer)
16:16:56.837 [main] DEBUG com.toutiao.model.likeCase - <==      Total: 1
http://api.bbs.353386.com/?C=bbs&A=like&device=ios&device_Id=C9E5FEE0-2E0D-4D33-8522-9BD38A282221&version=2.3.2&key=c3e46dd78b812ab491c16abec75bfd59&user_id=16266
16:16:56.837 [main] DEBUG org.apache.http.impl.conn.SingleClientConnManager - Get connection for route HttpRoute[{}->http://api.bbs.353386.com]
16:16:56.837 [main] DEBUG org.apache.http.impl.client.DefaultHttpClient - Stale connection check
16:16:56.840 [main] DEBUG org.apache.http.client.protocol.RequestAddCookies - CookieSpec selected: best-match
16:16:56.840 [main] DEBUG org.apache.http.client.protocol.RequestAuthCache - Auth cache not set in the context
16:16:56.840 [main] DEBUG org.apache.http.impl.client.DefaultHttpClient - Attempt 1 to execute request
16:16:56.840 [main] DEBUG org.apache.http.impl.conn.DefaultClientConnection - Sending request: POST /?C=bbs&A=like&device=ios&device_Id=C9E5FEE0-2E0D-4D33-8522-9BD38A282221&version=2.3.2&key=c3e46dd78b812ab491c16abec75bfd59&user_id=16266 HTTP/1.1
16:16:56.840 [main] DEBUG org.apache.http.wire - >> "POST /?C=bbs&A=like&device=ios&device_Id=C9E5FEE0-2E0D-4D33-8522-9BD38A282221&version=2.3.2&key=c3e46dd78b812ab491c16abec75bfd59&user_id=16266 HTTP/1.1[\r][\n]"
16:16:56.841 [main] DEBUG org.apache.http.wire - >> "Content-Length: 8[\r][\n]"
16:16:56.841 [main] DEBUG org.apache.http.wire - >> "Content-Type: application/x-www-form-urlencoded; charset=ISO-8859-1[\r][\n]"
16:16:56.841 [main] DEBUG org.apache.http.wire - >> "Host: api.bbs.353386.com[\r][\n]"
16:16:56.841 [main] DEBUG org.apache.http.wire - >> "Connection: Keep-Alive[\r][\n]"
16:16:56.841 [main] DEBUG org.apache.http.wire - >> "User-Agent: Apache-HttpClient/4.1.2 (java 1.5)[\r][\n]"
16:16:56.841 [main] DEBUG org.apache.http.wire - >> "[\r][\n]"
16:16:56.842 [main] DEBUG org.apache.http.headers - >> POST /?C=bbs&A=like&device=ios&device_Id=C9E5FEE0-2E0D-4D33-8522-9BD38A282221&version=2.3.2&key=c3e46dd78b812ab491c16abec75bfd59&user_id=16266 HTTP/1.1
16:16:56.842 [main] DEBUG org.apache.http.headers - >> Content-Length: 8
16:16:56.842 [main] DEBUG org.apache.http.headers - >> Content-Type: application/x-www-form-urlencoded; charset=ISO-8859-1
16:16:56.842 [main] DEBUG org.apache.http.headers - >> Host: api.bbs.353386.com
16:16:56.842 [main] DEBUG org.apache.http.headers - >> Connection: Keep-Alive
16:16:56.842 [main] DEBUG org.apache.http.headers - >> User-Agent: Apache-HttpClient/4.1.2 (java 1.5)
16:16:56.842 [main] DEBUG org.apache.http.wire - >> "id=43203"
16:16:56.875 [main] DEBUG org.apache.http.wire - << "HTTP/1.1 200 OK[\r][\n]"
16:16:56.876 [main] DEBUG org.apache.http.wire - << "Server: nginx[\r][\n]"
16:16:56.876 [main] DEBUG org.apache.http.wire - << "Date: Sat, 04 Jan 2020 08:16:58 GMT[\r][\n]"
16:16:56.876 [main] DEBUG org.apache.http.wire - << "Content-Type: text/html; charset=UTF-8[\r][\n]"
16:16:56.876 [main] DEBUG org.apache.http.wire - << "Transfer-Encoding: chunked[\r][\n]"
16:16:56.876 [main] DEBUG org.apache.http.wire - << "Connection: keep-alive[\r][\n]"
16:16:56.876 [main] DEBUG org.apache.http.wire - << "Vary: Accept-Encoding[\r][\n]"
16:16:56.876 [main] DEBUG org.apache.http.wire - << "X-Powered-By: PHP/7.0.33[\r][\n]"
16:16:56.876 [main] DEBUG org.apache.http.wire - << "Access-Control-Allow-Origin: *[\r][\n]"
16:16:56.876 [main] DEBUG org.apache.http.wire - << "[\r][\n]"
16:16:56.876 [main] DEBUG org.apache.http.impl.conn.DefaultClientConnection - Receiving response: HTTP/1.1 200 OK
16:16:56.876 [main] DEBUG org.apache.http.headers - << HTTP/1.1 200 OK
16:16:56.876 [main] DEBUG org.apache.http.headers - << Server: nginx
16:16:56.877 [main] DEBUG org.apache.http.headers - << Date: Sat, 04 Jan 2020 08:16:58 GMT
16:16:56.877 [main] DEBUG org.apache.http.headers - << Content-Type: text/html; charset=UTF-8
16:16:56.877 [main] DEBUG org.apache.http.headers - << Transfer-Encoding: chunked
16:16:56.877 [main] DEBUG org.apache.http.headers - << Connection: keep-alive
16:16:56.877 [main] DEBUG org.apache.http.headers - << Vary: Accept-Encoding
16:16:56.877 [main] DEBUG org.apache.http.headers - << X-Powered-By: PHP/7.0.33
16:16:56.877 [main] DEBUG org.apache.http.headers - << Access-Control-Allow-Origin: *
16:16:56.878 [main] DEBUG org.apache.http.impl.client.DefaultHttpClient - Connection can be kept alive indefinitely
16:16:56.878 [main] DEBUG org.apache.http.wire - << "2d[\r][\n]"
16:16:56.878 [main] DEBUG org.apache.http.wire - << "{"status":0,"msg":"\u975e\u6cd5\u64cd\u4f5c"}"
16:16:56.878 [main] DEBUG org.apache.http.wire - << "[\r][\n]"
16:16:56.878 [main] DEBUG org.apache.http.wire - << "0[\r][\n]"
16:16:56.878 [main] DEBUG org.apache.http.wire - << "[\r][\n]"
16:16:56.879 [main] DEBUG org.apache.http.impl.conn.SingleClientConnManager - Releasing connection org.apache.http.impl.conn.SingleClientConnManager$ConnAdapter@2237bada
16:16:56.879 [main] INFO  com.toutiao.cases.luntancase.LikeTest - 实际结果：{"status":0,"msg":"\u975e\u6cd5\u64cd\u4f5c"}
]]></system-out>
  </testcase>
  <testcase name="getLike2" classname="com.toutiao.cases.luntancase.LikeTest" time="0.597"/>
  <testcase name="getFavori" classname="com.toutiao.cases.luntancase.FavoriTest" time="0.128"/>
  <testcase name="getFavori2" classname="com.toutiao.cases.luntancase.FavoriTest" time="0.132"/>
  <testcase name="getExpertHome1" classname="com.toutiao.cases.luntancase.ExpertHomeTest" time="0.131"/>
  <testcase name="getExpertHome2" classname="com.toutiao.cases.luntancase.ExpertHomeTest" time="0.116"/>
  <testcase name="getExpertHome3" classname="com.toutiao.cases.luntancase.ExpertHomeTest" time="0.126"/>
  <testcase name="getTj" classname="com.toutiao.cases.toutiaocase.TjTest" time="0.536"/>
  <testcase name="getTj2" classname="com.toutiao.cases.toutiaocase.TjTest" time="0.445"/>
  <testcase name="getTj3" classname="com.toutiao.cases.toutiaocase.TjTest" time="0.523"/>
  <testcase name="getTj4" classname="com.toutiao.cases.toutiaocase.TjTest" time="0.116"/>
  <testcase name="getGsList" classname="com.toutiao.cases.toutiaocase.GsListTest" time="0.123"/>
  <testcase name="getGsList2" classname="com.toutiao.cases.toutiaocase.GsListTest" time="0.123"/>
  <testcase name="getShare" classname="com.toutiao.cases.toutiaocase.ShareTest" time="0.112"/>
  <testcase name="getShare2" classname="com.toutiao.cases.toutiaocase.ShareTest" time="0.107"/>
  <testcase name="getShare3" classname="com.toutiao.cases.toutiaocase.ShareTest" time="0.107"/>
  <testcase name="getPub" classname="com.toutiao.cases.luntancase.GetPubTest" time="0.023"/>
  <testcase name="getPre" classname="com.toutiao.cases.luntancase.GetPreTest" time="0.575"/>
  <testcase name="getUserCenter" classname="com.toutiao.cases.luntancase.UserCenterTest" time="0.116"/>
  <testcase name="getMyItem" classname="com.toutiao.cases.luntancase.MyItemTest" time="0.504"/>
  <testcase name="getMyFavor" classname="com.toutiao.cases.luntancase.MyFavorTest" time="0.22"/>
</testsuite>