<?xml version="1.0" encoding="UTF-8"?>
<testng-results skipped="0" failed="1" ignored="0" total="28" passed="27">
  <reporter-output>
  </reporter-output>
  <suite name="头条接口管理" duration-ms="5893" started-at="2019-12-23T06:35:48Z" finished-at="2019-12-23T06:35:54Z">
    <groups>
      <group name="loginTrue">
        <method signature="LoginTest.loginTrue()[pri:0, instance:com.toutiao.cases.toutiaocase.LoginTest@3212a8d7]" name="loginTrue" class="com.toutiao.cases.toutiaocase.LoginTest"/>
      </group> <!-- loginTrue -->
      <group name="loginFalse">
        <method signature="LoginTest.loginFalse()[pri:0, instance:com.toutiao.cases.toutiaocase.LoginTest@3212a8d7]" name="loginFalse" class="com.toutiao.cases.toutiaocase.LoginTest"/>
      </group> <!-- loginFalse -->
    </groups>
    <test name="论坛接口" duration-ms="5893" started-at="2019-12-23T06:35:48Z" finished-at="2019-12-23T06:35:54Z">
      <class name="com.toutiao.cases.luntancase.MyFavorTest">
        <test-method name="getMyFavor" signature="getMyFavor(com.toutiao.model.luntanmd.MyFavorCase)[pri:0, instance:com.toutiao.cases.luntancase.MyFavorTest@66565121]" depends-on-groups="loginTrue" status="PASS" duration-ms="45" finished-at="2019-12-23T14:35:54Z" started-at="2019-12-23T14:35:54Z" data-provider="getMyFavorData" description="璁哄潧/鎴戠殑鏀惰棌">
          <params>
            <param index="0">
              <value>
                <![CDATA[com.toutiao.model.luntanmd.MyFavorCase@627d8516]]>
              </value>
            </param>
          </params>
          <reporter-output>
          </reporter-output>
        </test-method> <!-- getMyFavor -->
      </class> <!-- com.toutiao.cases.luntancase.MyFavorTest -->
      <class name="com.toutiao.cases.luntancase.ExpertHomeTest">
        <test-method name="getExpertHome1" signature="getExpertHome1(com.toutiao.model.luntanmd.ExpertHomeCase)[pri:0, instance:com.toutiao.cases.luntancase.ExpertHomeTest@4b6690c0]" depends-on-groups="loginTrue" status="PASS" duration-ms="48" finished-at="2019-12-23T14:35:52Z" started-at="2019-12-23T14:35:52Z" data-provider="getExpertHomeData" description="涓撳璇︽儏椤�/姝ｇ‘">
          <params>
            <param index="0">
              <value>
                <![CDATA[ExpertHomeCase(id=1, user_id=16266, member_id=8454)]]>
              </value>
            </param>
          </params>
          <reporter-output>
          </reporter-output>
        </test-method> <!-- getExpertHome1 -->
        <test-method name="getExpertHome2" signature="getExpertHome2(com.toutiao.model.luntanmd.ExpertHomeCase)[pri:0, instance:com.toutiao.cases.luntancase.ExpertHomeTest@4b6690c0]" depends-on-groups="loginTrue" status="PASS" duration-ms="34" finished-at="2019-12-23T14:35:52Z" started-at="2019-12-23T14:35:52Z" data-provider="getExpertHomeData" description="涓撳璇︽儏椤�/閿欒鐨刴ember_id">
          <params>
            <param index="0">
              <value>
                <![CDATA[ExpertHomeCase(id=2, user_id=16266, member_id=)]]>
              </value>
            </param>
          </params>
          <reporter-output>
          </reporter-output>
        </test-method> <!-- getExpertHome2 -->
        <test-method name="getExpertHome3" signature="getExpertHome3(com.toutiao.model.luntanmd.ExpertHomeCase)[pri:0, instance:com.toutiao.cases.luntancase.ExpertHomeTest@4b6690c0]" depends-on-groups="loginTrue" status="PASS" duration-ms="37" finished-at="2019-12-23T14:35:52Z" started-at="2019-12-23T14:35:52Z" data-provider="getExpertHomeData" description="涓撳璇︽儏椤�/闈炴硶鐨剈ser_id">
          <params>
            <param index="0">
              <value>
                <![CDATA[ExpertHomeCase(id=3, user_id=, member_id=8454)]]>
              </value>
            </param>
          </params>
          <reporter-output>
          </reporter-output>
        </test-method> <!-- getExpertHome3 -->
      </class> <!-- com.toutiao.cases.luntancase.ExpertHomeTest -->
      <class name="com.toutiao.cases.luntancase.GetPubTest">
        <test-method name="getPub" signature="getPub(com.toutiao.model.luntanmd.GetPubCase)[pri:0, instance:com.toutiao.cases.luntancase.GetPubTest@eda25e5]" depends-on-groups="loginTrue" status="PASS" duration-ms="116" finished-at="2019-12-23T14:35:53Z" started-at="2019-12-23T14:35:53Z" data-provider="getPubData" description="璁哄潧/鍙戝浘鏂�">
          <params>
            <param index="0">
              <value>
                <![CDATA[com.toutiao.model.luntanmd.GetPubCase@5c10285a]]>
              </value>
            </param>
          </params>
          <reporter-output>
          </reporter-output>
        </test-method> <!-- getPub -->
      </class> <!-- com.toutiao.cases.luntancase.GetPubTest -->
      <class name="com.toutiao.cases.luntancase.GcListTest">
        <test-method status="PASS" signature="gcList()[pri:0, instance:com.toutiao.cases.luntancase.GcListTest@7a1a3478]" name="gcList" duration-ms="416" depends-on-groups="loginTrue" started-at="2019-12-23T14:35:49Z" description="蹇冩按璁哄潧/骞垮満鍒楄〃" finished-at="2019-12-23T14:35:50Z">
          <reporter-output>
          </reporter-output>
        </test-method> <!-- gcList -->
      </class> <!-- com.toutiao.cases.luntancase.GcListTest -->
      <class name="com.toutiao.cases.luntancase.ExpListTest">
        <test-method status="PASS" signature="expList()[pri:0, instance:com.toutiao.cases.luntancase.ExpListTest@55dfcc6]" name="expList" duration-ms="285" depends-on-groups="loginTrue" started-at="2019-12-23T14:35:50Z" description="棰勬祴璐村垪琛�" finished-at="2019-12-23T14:35:50Z">
          <reporter-output>
          </reporter-output>
        </test-method> <!-- expList -->
      </class> <!-- com.toutiao.cases.luntancase.ExpListTest -->
      <class name="com.toutiao.cases.toutiaocase.GsListTest">
        <test-method name="getGsList" signature="getGsList(com.toutiao.model.toutiaomd.GsListCase)[pri:0, instance:com.toutiao.cases.toutiaocase.GsListTest@2a76840c]" depends-on-groups="loginTrue" status="PASS" duration-ms="46" finished-at="2019-12-23T14:35:53Z" started-at="2019-12-23T14:35:53Z" data-provider="getGsListData" description="澶存潯/楂樻墜姒滃垪琛�">
          <params>
            <param index="0">
              <value>
                <![CDATA[GsListCase(id=1, type=0, period=2019132, user_id=16266, p=1, expResult=1)]]>
              </value>
            </param>
          </params>
          <reporter-output>
          </reporter-output>
        </test-method> <!-- getGsList -->
        <test-method name="getGsList2" signature="getGsList2(com.toutiao.model.toutiaomd.GsListCase)[pri:0, instance:com.toutiao.cases.toutiaocase.GsListTest@2a76840c]" depends-on-groups="loginTrue" status="PASS" duration-ms="46" finished-at="2019-12-23T14:35:53Z" started-at="2019-12-23T14:35:53Z" data-provider="getGsListData2" description="楂樻墜姒�/閿欒鐨刾eriod">
          <params>
            <param index="0">
              <value>
                <![CDATA[GsListCase(id=2, type=0, period=, user_id=16266, p=1, expResult=1)]]>
              </value>
            </param>
          </params>
          <reporter-output>
          </reporter-output>
        </test-method> <!-- getGsList2 -->
      </class> <!-- com.toutiao.cases.toutiaocase.GsListTest -->
      <class name="com.toutiao.cases.luntancase.LikeTest">
        <test-method status="FAIL" signature="getLike()[pri:0, instance:com.toutiao.cases.luntancase.LikeTest@7203c7ff]" name="getLike" duration-ms="105" depends-on-groups="loginTrue" started-at="2019-12-23T14:35:52Z" description="璁哄潧/鐐硅禐" finished-at="2019-12-23T14:35:52Z">
          <exception class="java.lang.AssertionError">
            <message>
              <![CDATA[expected [true] but found [false]]]>
            </message>
            <full-stacktrace>
              <![CDATA[java.lang.AssertionError: expected [true] but found [false]
	at org.testng.Assert.fail(Assert.java:94)
	at org.testng.Assert.failNotEquals(Assert.java:513)
	at org.testng.Assert.assertTrue(Assert.java:42)
	at org.testng.Assert.assertTrue(Assert.java:52)
	at com.toutiao.cases.luntancase.LikeTest.getLike(LikeTest.java:33)
	at sun.reflect.NativeMethodAccessorImpl.invoke0(Native Method)
	at sun.reflect.NativeMethodAccessorImpl.invoke(NativeMethodAccessorImpl.java:62)
	at sun.reflect.DelegatingMethodAccessorImpl.invoke(DelegatingMethodAccessorImpl.java:43)
	at java.lang.reflect.Method.invoke(Method.java:498)
	at org.testng.internal.MethodInvocationHelper.invokeMethod(MethodInvocationHelper.java:104)
	at org.testng.internal.Invoker.invokeMethod(Invoker.java:645)
	at org.testng.internal.Invoker.invokeTestMethod(Invoker.java:851)
	at org.testng.internal.Invoker.invokeTestMethods(Invoker.java:1177)
	at org.testng.internal.TestMethodWorker.invokeTestMethods(TestMethodWorker.java:129)
	at org.testng.internal.TestMethodWorker.run(TestMethodWorker.java:112)
	at org.testng.TestRunner.privateRun(TestRunner.java:756)
	at org.testng.TestRunner.run(TestRunner.java:610)
	at org.testng.SuiteRunner.runTest(SuiteRunner.java:387)
	at org.testng.SuiteRunner.runSequentially(SuiteRunner.java:382)
	at org.testng.SuiteRunner.privateRun(SuiteRunner.java:340)
	at org.testng.SuiteRunner.run(SuiteRunner.java:289)
	at org.testng.SuiteRunnerWorker.runSuite(SuiteRunnerWorker.java:52)
	at org.testng.SuiteRunnerWorker.run(SuiteRunnerWorker.java:86)
	at org.testng.TestNG.runSuitesSequentially(TestNG.java:1293)
	at org.testng.TestNG.runSuitesLocally(TestNG.java:1218)
	at org.testng.TestNG.runSuites(TestNG.java:1133)
	at org.testng.TestNG.run(TestNG.java:1104)
	at org.apache.maven.surefire.testng.TestNGExecutor.run(TestNGExecutor.java:74)
	at org.apache.maven.surefire.testng.TestNGXmlTestSuite.execute(TestNGXmlTestSuite.java:93)
	at org.apache.maven.surefire.testng.TestNGProvider.invoke(TestNGProvider.java:101)
	at sun.reflect.NativeMethodAccessorImpl.invoke0(Native Method)
	at sun.reflect.NativeMethodAccessorImpl.invoke(NativeMethodAccessorImpl.java:62)
	at sun.reflect.DelegatingMethodAccessorImpl.invoke(DelegatingMethodAccessorImpl.java:43)
	at java.lang.reflect.Method.invoke(Method.java:498)
	at org.apache.maven.surefire.booter.ProviderFactory$ClassLoaderProxy.invoke(ProviderFactory.java:103)
	at com.sun.proxy.$Proxy0.invoke(Unknown Source)
	at org.apache.maven.surefire.booter.SurefireStarter.invokeProvider(SurefireStarter.java:145)
	at org.apache.maven.surefire.booter.SurefireStarter.runSuitesInProcess(SurefireStarter.java:87)
	at org.apache.maven.surefire.booter.ForkedBooter.main(ForkedBooter.java:69)
]]>
            </full-stacktrace>
          </exception> <!-- java.lang.AssertionError -->
          <reporter-output>
          </reporter-output>
        </test-method> <!-- getLike -->
        <test-method status="PASS" signature="getLike2()[pri:0, instance:com.toutiao.cases.luntancase.LikeTest@7203c7ff]" name="getLike2" duration-ms="97" depends-on-groups="loginTrue" started-at="2019-12-23T14:35:52Z" description="鐐硅禐/閿欒鐨刬d" finished-at="2019-12-23T14:35:52Z">
          <reporter-output>
          </reporter-output>
        </test-method> <!-- getLike2 -->
      </class> <!-- com.toutiao.cases.luntancase.LikeTest -->
      <class name="com.toutiao.cases.luntancase.MyItemTest">
        <test-method status="PASS" signature="getMyItem()[pri:0, instance:com.toutiao.cases.luntancase.MyItemTest@39fcbef6]" name="getMyItem" duration-ms="106" depends-on-groups="loginTrue" started-at="2019-12-23T14:35:54Z" description="璁哄潧/鎴戠殑甯栧瓙" finished-at="2019-12-23T14:35:54Z">
          <reporter-output>
          </reporter-output>
        </test-method> <!-- getMyItem -->
      </class> <!-- com.toutiao.cases.luntancase.MyItemTest -->
      <class name="com.toutiao.cases.luntancase.SearchTest">
        <test-method status="PASS" signature="getSearch()[pri:0, instance:com.toutiao.cases.luntancase.SearchTest@1852a3ff]" name="getSearch" duration-ms="115" depends-on-groups="loginTrue" started-at="2019-12-23T14:35:51Z" description="璁哄潧/鎼滅储" finished-at="2019-12-23T14:35:52Z">
          <reporter-output>
          </reporter-output>
        </test-method> <!-- getSearch -->
      </class> <!-- com.toutiao.cases.luntancase.SearchTest -->
      <class name="com.toutiao.cases.toutiaocase.ShareTest">
        <test-method name="getShare" signature="getShare(com.toutiao.model.toutiaomd.ShareCase)[pri:0, instance:com.toutiao.cases.toutiaocase.ShareTest@71454b9d]" depends-on-groups="loginTrue" status="PASS" duration-ms="39" finished-at="2019-12-23T14:35:53Z" started-at="2019-12-23T14:35:53Z" data-provider="getShareTestData" description="澶存潯/鍒嗕韩">
          <params>
            <param index="0">
              <value>
                <![CDATA[com.toutiao.model.toutiaomd.ShareCase@6b667cb3]]>
              </value>
            </param>
          </params>
          <reporter-output>
          </reporter-output>
        </test-method> <!-- getShare -->
        <test-method name="getShare2" signature="getShare2(com.toutiao.model.toutiaomd.ShareCase)[pri:0, instance:com.toutiao.cases.toutiaocase.ShareTest@71454b9d]" depends-on-groups="loginTrue" status="PASS" duration-ms="36" finished-at="2019-12-23T14:35:53Z" started-at="2019-12-23T14:35:53Z" data-provider="getShareTestData" description="鍒嗕韩/閿欒鐨剈ser_id">
          <params>
            <param index="0">
              <value>
                <![CDATA[com.toutiao.model.toutiaomd.ShareCase@6f38a289]]>
              </value>
            </param>
          </params>
          <reporter-output>
          </reporter-output>
        </test-method> <!-- getShare2 -->
        <test-method name="getShare3" signature="getShare3(com.toutiao.model.toutiaomd.ShareCase)[pri:0, instance:com.toutiao.cases.toutiaocase.ShareTest@71454b9d]" depends-on-groups="loginTrue" status="PASS" duration-ms="37" finished-at="2019-12-23T14:35:53Z" started-at="2019-12-23T14:35:53Z" data-provider="getShareTestData" description="鍒嗕韩/閿欒鐨刬d">
          <params>
            <param index="0">
              <value>
                <![CDATA[com.toutiao.model.toutiaomd.ShareCase@61e3cf4d]]>
              </value>
            </param>
          </params>
          <reporter-output>
          </reporter-output>
        </test-method> <!-- getShare3 -->
      </class> <!-- com.toutiao.cases.toutiaocase.ShareTest -->
      <class name="com.toutiao.cases.luntancase.BbsLookTest">
        <test-method status="PASS" signature="bbsLook()[pri:0, instance:com.toutiao.cases.luntancase.BbsLookTest@222eb8aa]" name="bbsLook" duration-ms="744" depends-on-groups="loginTrue" started-at="2019-12-23T14:35:50Z" description="鍏虫敞鍒楄〃" finished-at="2019-12-23T14:35:51Z">
          <reporter-output>
          </reporter-output>
        </test-method> <!-- bbsLook -->
      </class> <!-- com.toutiao.cases.luntancase.BbsLookTest -->
      <class name="com.toutiao.cases.luntancase.UserCenterTest">
        <test-method name="getUserCenter" signature="getUserCenter(com.toutiao.model.luntanmd.UserCenterCase)[pri:0, instance:com.toutiao.cases.luntancase.UserCenterTest@623e088f]" depends-on-groups="loginTrue" status="PASS" duration-ms="43" finished-at="2019-12-23T14:35:54Z" started-at="2019-12-23T14:35:54Z" data-provider="getUserTest" description="璁哄潧/涓汉涓績">
          <params>
            <param index="0">
              <value>
                <![CDATA[com.toutiao.model.luntanmd.UserCenterCase@3cec79d3]]>
              </value>
            </param>
          </params>
          <reporter-output>
          </reporter-output>
        </test-method> <!-- getUserCenter -->
      </class> <!-- com.toutiao.cases.luntancase.UserCenterTest -->
      <class name="com.toutiao.cases.toutiaocase.LoginTest">
        <test-method status="PASS" signature="beforeTest()[pri:0, instance:com.toutiao.cases.toutiaocase.LoginTest@3212a8d7]" name="beforeTest" is-config="true" duration-ms="13" started-at="2019-12-23T14:35:48Z" description="娴嬭瘯涔嬪墠鐨勫噯澶囧伐浣�" finished-at="2019-12-23T14:35:48Z">
          <reporter-output>
          </reporter-output>
        </test-method> <!-- beforeTest -->
        <test-method status="PASS" signature="loginTrue()[pri:0, instance:com.toutiao.cases.toutiaocase.LoginTest@3212a8d7]" name="loginTrue" duration-ms="1049" started-at="2019-12-23T14:35:48Z" description="鐢ㄦ埛鐧婚檰鎴愬姛" finished-at="2019-12-23T14:35:49Z">
          <reporter-output>
          </reporter-output>
        </test-method> <!-- loginTrue -->
        <test-method status="PASS" signature="loginFalse()[pri:0, instance:com.toutiao.cases.toutiaocase.LoginTest@3212a8d7]" name="loginFalse" duration-ms="140" started-at="2019-12-23T14:35:49Z" description="鐧诲綍澶辫触" finished-at="2019-12-23T14:35:49Z">
          <reporter-output>
          </reporter-output>
        </test-method> <!-- loginFalse -->
      </class> <!-- com.toutiao.cases.toutiaocase.LoginTest -->
      <class name="com.toutiao.cases.luntancase.FavoriTest">
        <test-method name="getFavori" signature="getFavori(com.toutiao.model.luntanmd.FavoriCase)[pri:0, instance:com.toutiao.cases.luntancase.FavoriTest@25bfcafd]" depends-on-groups="loginTrue" status="PASS" duration-ms="43" finished-at="2019-12-23T14:35:52Z" started-at="2019-12-23T14:35:52Z" data-provider="getData" description="璁哄潧/鏀惰棌">
          <params>
            <param index="0">
              <value>
                <![CDATA[FavoriCase(id=43272, user_id=16266, number_id=1)]]>
              </value>
            </param>
          </params>
          <reporter-output>
          </reporter-output>
        </test-method> <!-- getFavori -->
        <test-method name="getFavori2" signature="getFavori2(com.toutiao.model.luntanmd.FavoriCase)[pri:0, instance:com.toutiao.cases.luntancase.FavoriTest@25bfcafd]" depends-on-groups="loginTrue" status="PASS" duration-ms="40" finished-at="2019-12-23T14:35:52Z" started-at="2019-12-23T14:35:52Z" data-provider="getData2" description="鏀惰棌/閿欒鐨刬d">
          <params>
            <param index="0">
              <value>
                <![CDATA[FavoriCase(id=, user_id=16266, number_id=2)]]>
              </value>
            </param>
          </params>
          <reporter-output>
          </reporter-output>
        </test-method> <!-- getFavori2 -->
      </class> <!-- com.toutiao.cases.luntancase.FavoriTest -->
      <class name="com.toutiao.cases.luntancase.GetPreTest">
        <test-method status="PASS" signature="getPre()[pri:0, instance:com.toutiao.cases.luntancase.GetPreTest@7cf6a5f9]" name="getPre" duration-ms="118" depends-on-groups="loginTrue" started-at="2019-12-23T14:35:53Z" description="璁哄潧/鍙戦娴嬭创" finished-at="2019-12-23T14:35:54Z">
          <reporter-output>
          </reporter-output>
        </test-method> <!-- getPre -->
      </class> <!-- com.toutiao.cases.luntancase.GetPreTest -->
      <class name="com.toutiao.cases.toutiaocase.TjTest">
        <test-method name="getTj" signature="getTj(com.toutiao.model.toutiaomd.TjCase)[pri:0, instance:com.toutiao.cases.toutiaocase.TjTest@46268f08]" depends-on-groups="loginTrue" status="PASS" duration-ms="140" finished-at="2019-12-23T14:35:52Z" started-at="2019-12-23T14:35:52Z" data-provider="getData" description="澶存潯/鎺ㄨ崘">
          <params>
            <param index="0">
              <value>
                <![CDATA[TjCase(id=1, user_id=16266, type=0, signature=6bt6e6jt1s0aulihote1eb45m7)]]>
              </value>
            </param>
          </params>
          <reporter-output>
          </reporter-output>
        </test-method> <!-- getTj -->
        <test-method name="getTj2" signature="getTj2(com.toutiao.model.toutiaomd.TjCase)[pri:0, instance:com.toutiao.cases.toutiaocase.TjTest@46268f08]" depends-on-groups="loginTrue" status="PASS" duration-ms="104" finished-at="2019-12-23T14:35:53Z" started-at="2019-12-23T14:35:53Z" data-provider="getData" description="澶存潯/user_id涓虹┖">
          <params>
            <param index="0">
              <value>
                <![CDATA[TjCase(id=2, user_id=, type=0, signature=6bt6e6jt1s0aulihote1eb45m7)]]>
              </value>
            </param>
          </params>
          <reporter-output>
          </reporter-output>
        </test-method> <!-- getTj2 -->
        <test-method name="getTj3" signature="getTj3(com.toutiao.model.toutiaomd.TjCase)[pri:0, instance:com.toutiao.cases.toutiaocase.TjTest@46268f08]" depends-on-groups="loginTrue" status="PASS" duration-ms="129" finished-at="2019-12-23T14:35:53Z" started-at="2019-12-23T14:35:53Z" data-provider="getData" description="澶存潯/type涓虹┖">
          <params>
            <param index="0">
              <value>
                <![CDATA[TjCase(id=3, user_id=16266, type=, signature=6bt6e6jt1s0aulihote1eb45m7)]]>
              </value>
            </param>
          </params>
          <reporter-output>
          </reporter-output>
        </test-method> <!-- getTj3 -->
        <test-method name="getTj4" signature="getTj4(com.toutiao.model.toutiaomd.TjCase)[pri:0, instance:com.toutiao.cases.toutiaocase.TjTest@46268f08]" depends-on-groups="loginTrue" status="PASS" duration-ms="35" finished-at="2019-12-23T14:35:53Z" started-at="2019-12-23T14:35:53Z" data-provider="getData" description="澶存潯/signature涓虹┖">
          <params>
            <param index="0">
              <value>
                <![CDATA[TjCase(id=4, user_id=16266, type=0, signature=)]]>
              </value>
            </param>
          </params>
          <reporter-output>
          </reporter-output>
        </test-method> <!-- getTj4 -->
      </class> <!-- com.toutiao.cases.toutiaocase.TjTest -->
      <class name="com.toutiao.cases.luntancase.ReplyTest">
        <test-method status="PASS" signature="replyTest()[pri:0, instance:com.toutiao.cases.luntancase.ReplyTest@93cf163]" name="replyTest" duration-ms="741" depends-on-groups="loginTrue" started-at="2019-12-23T14:35:51Z" description="鍋氬嚭璇勮" finished-at="2019-12-23T14:35:51Z">
          <reporter-output>
          </reporter-output>
        </test-method> <!-- replyTest -->
      </class> <!-- com.toutiao.cases.luntancase.ReplyTest -->
    </test> <!-- 论坛接口 -->
  </suite> <!-- 头条接口管理 -->
</testng-results>
