<?xml version="1.0" encoding="UTF-8"?>
<!-- Generated by org.testng.reporters.JUnitXMLReporter -->
<testsuite hostname="LAPTOP-5VPLT75S" ignored="0" name="论坛接口" tests="28" failures="1" timestamp="04 一月 2020 08:16:59 GMT" time="7.92" errors="0">
  <testcase name="loginTrue" time="1.706" classname="com.toutiao.cases.toutiaocase.LoginTest"/>
  <testcase name="loginFalse" time="0.186" classname="com.toutiao.cases.toutiaocase.LoginTest"/>
  <testcase name="gcList" time="0.546" classname="com.toutiao.cases.luntancase.GcListTest"/>
  <testcase name="expList" time="0.331" classname="com.toutiao.cases.luntancase.ExpListTest"/>
  <testcase name="bbsLook" time="0.942" classname="com.toutiao.cases.luntancase.BbsLookTest"/>
  <testcase name="replyTest" time="0.935" classname="com.toutiao.cases.luntancase.ReplyTest"/>
  <testcase name="getSearch" time="0.141" classname="com.toutiao.cases.luntancase.SearchTest"/>
  <testcase name="getLike" time="0.144" classname="com.toutiao.cases.luntancase.LikeTest">
    <failure type="java.lang.AssertionError" message="expected [true] but found [false]">
      <![CDATA[java.lang.AssertionError: expected [true] but found [false]
	at com.toutiao.cases.luntancase.LikeTest.getLike(LikeTest.java:33)
... Removed 33 stack frames]]>
    </failure>
  </testcase> <!-- getLike -->
  <testcase name="getLike2" time="0.134" classname="com.toutiao.cases.luntancase.LikeTest"/>
  <testcase name="getFavori" time="0.048" classname="com.toutiao.cases.luntancase.FavoriTest"/>
  <testcase name="getFavori2" time="0.041" classname="com.toutiao.cases.luntancase.FavoriTest"/>
  <testcase name="getExpertHome1" time="0.041" classname="com.toutiao.cases.luntancase.ExpertHomeTest"/>
  <testcase name="getExpertHome2" time="0.037" classname="com.toutiao.cases.luntancase.ExpertHomeTest"/>
  <testcase name="getExpertHome3" time="0.041" classname="com.toutiao.cases.luntancase.ExpertHomeTest"/>
  <testcase name="getTj" time="0.152" classname="com.toutiao.cases.toutiaocase.TjTest"/>
  <testcase name="getTj2" time="0.103" classname="com.toutiao.cases.toutiaocase.TjTest"/>
  <testcase name="getTj3" time="0.129" classname="com.toutiao.cases.toutiaocase.TjTest"/>
  <testcase name="getTj4" time="0.04" classname="com.toutiao.cases.toutiaocase.TjTest"/>
  <testcase name="getGsList" time="0.049" classname="com.toutiao.cases.toutiaocase.GsListTest"/>
  <testcase name="getGsList2" time="0.048" classname="com.toutiao.cases.toutiaocase.GsListTest"/>
  <testcase name="getShare" time="0.042" classname="com.toutiao.cases.toutiaocase.ShareTest"/>
  <testcase name="getShare2" time="0.041" classname="com.toutiao.cases.toutiaocase.ShareTest"/>
  <testcase name="getShare3" time="0.041" classname="com.toutiao.cases.toutiaocase.ShareTest"/>
  <testcase name="getPub" time="0.126" classname="com.toutiao.cases.luntancase.GetPubTest"/>
  <testcase name="getPre" time="0.159" classname="com.toutiao.cases.luntancase.GetPreTest"/>
  <testcase name="getUserCenter" time="0.047" classname="com.toutiao.cases.luntancase.UserCenterTest"/>
  <testcase name="getMyItem" time="0.136" classname="com.toutiao.cases.luntancase.MyItemTest"/>
  <testcase name="getMyFavor" time="0.049" classname="com.toutiao.cases.luntancase.MyFavorTest"/>
</testsuite> <!-- 论坛接口 -->
