<?xml version="1.0" encoding="UTF-8"?>
<!-- Generated by org.testng.reporters.JUnitXMLReporter -->
<testsuite hostname="LAPTOP-5VPLT75S" ignored="0" name="论坛接口" tests="18" failures="0" timestamp="28 十一月 2019 08:47:56 GMT" time="4.702" errors="0">
  <testcase name="loginTrue" time="1.011" classname="com.toutiao.cases.LoginTest"/>
  <testcase name="loginFalse" time="0.068" classname="com.toutiao.cases.LoginTest"/>
  <testcase name="gcList" time="0.445" classname="com.toutiao.cases.GcListTest"/>
  <testcase name="expList" time="0.204" classname="com.toutiao.cases.ExpListTest"/>
  <testcase name="bbsLook" time="0.952" classname="com.toutiao.cases.BbsLookTest"/>
  <testcase name="replyTest" time="0.968" classname="com.toutiao.cases.ReplyTest"/>
  <testcase name="getSearch" time="0.072" classname="com.toutiao.cases.SearchTest"/>
  <testcase name="getLike" time="0.067" classname="com.toutiao.cases.LikeTest"/>
  <testcase name="getLike2" time="0.062" classname="com.toutiao.cases.LikeTest"/>
  <testcase name="getFavori" time="0.052" classname="com.toutiao.cases.FavoriTest"/>
  <testcase name="getFavori2" time="0.047" classname="com.toutiao.cases.FavoriTest"/>
  <testcase name="getExpertHome1" time="0.045" classname="com.toutiao.cases.ExpertHomeTest"/>
  <testcase name="getExpertHome2" time="0.041" classname="com.toutiao.cases.ExpertHomeTest"/>
  <testcase name="getExpertHome3" time="0.045" classname="com.toutiao.cases.ExpertHomeTest"/>
  <testcase name="getTj" time="0.152" classname="com.toutiao.cases.TjTest"/>
  <testcase name="getTj2" time="0.124" classname="com.toutiao.cases.TjTest"/>
  <testcase name="getTj3" time="0.125" classname="com.toutiao.cases.TjTest"/>
  <testcase name="getTj4" time="0.04" classname="com.toutiao.cases.TjTest"/>
</testsuite> <!-- 论坛接口 -->
